$ npm run docs:json && build-storybook --output-dir /var/folders/z4/b591xjxn1zg01g92kxjjtzwh0000gn/T/chromatic--86755-twNRGRSmkn5X

> testing-spartacus-ng@0.0.0 docs:json
> compodoc -p ./tsconfig.json -e json -d .

[0m
[0m [0m [0m [0m [0m [0m [0m [0m [0m [0m [0m [0m [0m [0m [0m [0m [0m [0m [0m [0m [0m [0m [0m [0m [0m [0m [0m [0m [0m [0m [0m [0m [0m [0m [0m [0m [0m [0m [0m [0m [0m [0m [0m [0m [0m [0m [0m [0m [0m [0m [0m [0m [0m [0m [0m [0m [0m [0m [0m [48;5;255m [48;5;255m [0m [0m [0m [0m [0m [0m [0m [0m [0m [0m [0m [0m
[0m [0m [0m [0m [0m [0m [0m [0m [0m [0m [0m [0m [0m [0m [0m [0m [0m [0m [0m [0m [0m [0m [0m [0m [0m [0m [0m [0m [0m [0m [0m [0m [0m [0m [0m [0m [0m [0m [0m [0m [0m [0m [0m [0m [0m [0m [0m [0m [0m [0m [0m [0m [0m [0m [0m [0m [0m [0m [0m [48;5;255m [48;5;255m [0m [0m [0m [0m [0m [0m [0m [0m [0m [0m [0m [0m
[0m [0m [0m [0m [0m [0m [0m [0m [0m [0m [0m [0m [0m [0m [0m [0m [0m [0m [0m [0m [0m [0m [0m [0m [0m [0m [0m [0m [0m [0m [0m [0m [0m [0m [0m [0m [0m [0m [0m [0m [0m [0m [0m [0m [0m [0m [0m [0m [0m [0m [0m [0m [0m [0m [0m [0m [0m [0m [0m [48;5;255m [48;5;255m [0m [0m [0m [0m [0m [0m [0m [0m [0m [0m [0m [0m
[48;5;255m [48;5;255m [48;5;255m [48;5;255m [48;5;255m [48;5;255m [48;5;255m [0m [0m [48;5;255m [48;5;255m [48;5;255m [48;5;255m [48;5;255m [48;5;255m [48;5;255m [48;5;255m [0m [0m [48;5;255m [48;5;255m [48;5;255m [48;5;255m [48;5;255m [48;5;255m [48;5;255m [48;5;255m [48;5;255m [48;5;255m [48;5;255m [48;5;255m [0m [0m [48;5;255m [48;5;255m [48;5;255m [48;5;255m [48;5;255m [48;5;255m [48;5;255m [48;5;255m [0m [0m [48;5;255m [48;5;255m [48;5;255m [48;5;255m [48;5;255m [48;5;255m [48;5;255m [48;5;255m [0m [0m [48;5;255m [48;5;255m [48;5;255m [48;5;255m [48;5;255m [48;5;255m [48;5;255m [48;5;255m [0m [0m [48;5;255m [48;5;255m [48;5;255m [48;5;255m [48;5;255m [48;5;255m [48;5;255m [48;5;255m [0m [0m [48;5;255m [48;5;255m [48;5;255m [48;5;255m [48;5;255m [48;5;255m [48;5;255m [48;5;255m [0m
[48;5;255m [48;5;255m [0m [0m [0m [0m [0m [0m [0m [48;5;255m [48;5;255m [0m [0m [0m [0m [48;5;255m [48;5;255m [0m [0m [48;5;255m [48;5;255m [0m [0m [0m [48;5;255m [48;5;255m [0m [0m [0m [48;5;255m [48;5;255m [0m [0m [48;5;255m [48;5;255m [0m [0m [0m [0m [48;5;255m [48;5;255m [0m [0m [48;5;255m [48;5;255m [0m [0m [0m [0m [48;5;255m [48;5;255m [0m [0m [48;5;255m [48;5;255m [0m [0m [0m [0m [48;5;255m [48;5;255m [0m [0m [48;5;255m [48;5;255m [0m [0m [0m [0m [48;5;255m [48;5;255m [0m [0m [48;5;255m [48;5;255m [0m
[48;5;255m [48;5;255m [0m [0m [0m [0m [0m [0m [0m [48;5;255m [48;5;255m [0m [0m [0m [0m [48;5;255m [48;5;255m [0m [0m [48;5;255m [48;5;255m [0m [0m [0m [48;5;255m [48;5;255m [0m [0m [0m [48;5;255m [48;5;255m [0m [0m [48;5;255m [48;5;255m [0m [0m [0m [0m [48;5;255m [48;5;255m [0m [0m [48;5;255m [48;5;255m [0m [0m [0m [0m [48;5;255m [48;5;255m [0m [0m [48;5;255m [48;5;255m [0m [0m [0m [0m [48;5;255m [48;5;255m [0m [0m [48;5;255m [48;5;255m [0m [0m [0m [0m [48;5;255m [48;5;255m [0m [0m [48;5;255m [48;5;255m [0m
[48;5;255m [48;5;255m [0m [0m [0m [0m [0m [0m [0m [48;5;255m [48;5;255m [0m [0m [0m [0m [48;5;255m [48;5;255m [0m [0m [48;5;255m [48;5;255m [0m [0m [0m [48;5;255m [48;5;255m [0m [0m [0m [48;5;255m [48;5;255m [0m [0m [48;5;255m [48;5;255m [0m [0m [0m [0m [48;5;255m [48;5;255m [0m [0m [48;5;255m [48;5;255m [0m [0m [0m [0m [48;5;255m [48;5;255m [0m [0m [48;5;255m [48;5;255m [0m [0m [0m [0m [48;5;255m [48;5;255m [0m [0m [48;5;255m [48;5;255m [0m [0m [0m [0m [48;5;255m [48;5;255m [0m [0m [48;5;255m [48;5;255m [0m
[48;5;255m [48;5;255m [48;5;255m [48;5;255m [48;5;255m [48;5;255m [48;5;255m [0m [0m [48;5;255m [48;5;255m [48;5;255m [48;5;255m [48;5;255m [48;5;255m [48;5;255m [48;5;255m [0m [0m [48;5;255m [48;5;255m [0m [0m [0m [48;5;255m [48;5;255m [0m [0m [0m [48;5;255m [48;5;255m [0m [0m [48;5;255m [48;5;255m [48;5;255m [48;5;255m [48;5;255m [48;5;255m [48;5;255m [48;5;255m [0m [0m [48;5;255m [48;5;255m [48;5;255m [48;5;255m [48;5;255m [48;5;255m [48;5;255m [48;5;255m [0m [0m [48;5;255m [48;5;255m [48;5;255m [48;5;255m [48;5;255m [48;5;255m [48;5;255m [48;5;255m [0m [0m [48;5;255m [48;5;255m [48;5;255m [48;5;255m [48;5;255m [48;5;255m [48;5;255m [48;5;255m [0m [0m [48;5;255m [48;5;255m [48;5;255m [48;5;255m [48;5;255m [48;5;255m [48;5;255m [48;5;255m [0m
[0m [0m [0m [0m [0m [0m [0m [0m [0m [0m [0m [0m [0m [0m [0m [0m [0m [0m [0m [0m [0m [0m [0m [0m [0m [0m [0m [0m [0m [0m [0m [0m [0m [48;5;255m [48;5;255m [0m [0m [0m [0m [0m [0m [0m [0m [0m [0m [0m [0m
[0m [0m [0m [0m [0m [0m [0m [0m [0m [0m [0m [0m [0m [0m [0m [0m [0m [0m [0m [0m [0m [0m [0m [0m [0m [0m [0m [0m [0m [0m [0m [0m [0m [48;5;255m [48;5;255m [0m [0m [0m [0m [0m [0m [0m [0m [0m [0m [0m [0m
[0m [0m [0m [0m [0m [0m [0m [0m [0m [0m [0m [0m [0m [0m [0m [0m [0m [0m [0m [0m [0m [0m [0m [0m [0m [0m [0m [0m [0m [0m [0m [0m [0m [48;5;255m [48;5;255m [0m [0m [0m [0m [0m [0m [0m [0m [0m [0m [0m [0m

1.1.15

TypeScript version used by Compodoc : 4.4.2

TypeScript version of current project : 4.3.5

Node.js version : v12.22.3

Operating system : macOS Big Sur

[12:54:28] No configuration file found, switching to CLI flags.
[12:54:28] Using tsconfig file : /Users/josemariamartinez/testing-components-ng/tsconfig.json
[12:54:28] Including      : /Users/josemariamartinez/testing-components-ng/.browserslistrc
[12:54:28] Including      : /Users/josemariamartinez/testing-components-ng/.editorconfig
[12:54:28] Including      : /Users/josemariamartinez/testing-components-ng/README.md
[12:54:28] Including      : /Users/josemariamartinez/testing-components-ng/angular.json
[12:54:28] Including      : /Users/josemariamartinez/testing-components-ng/build-storybook.log
[12:54:28] Including      : /Users/josemariamartinez/testing-components-ng/.gitignore
[12:54:28] Including      : /Users/josemariamartinez/testing-components-ng/documentation.json
[12:54:28] Including      : /Users/josemariamartinez/testing-components-ng/karma.conf.js
[12:54:28] Including      : /Users/josemariamartinez/testing-components-ng/package-lock.json
[12:54:28] Including      : /Users/josemariamartinez/testing-components-ng/package.json
[12:54:28] Including      : /Users/josemariamartinez/testing-components-ng/tsconfig.app.json
[12:54:28] Including      : /Users/josemariamartinez/testing-components-ng/tsconfig.json
[12:54:28] Including      : /Users/josemariamartinez/testing-components-ng/tsconfig.spec.json
[12:54:28] Including      : /Users/josemariamartinez/testing-components-ng/yarn.lock
[12:54:28] Including      : /Users/josemariamartinez/testing-components-ng/.storybook/main.js
[12:54:28] Including      : /Users/josemariamartinez/testing-components-ng/.storybook/preview.js
[12:54:28] Including      : /Users/josemariamartinez/testing-components-ng/.storybook/tsconfig.json
[12:54:28] Ignoring       : /Users/josemariamartinez/testing-components-ng/.storybook/typings.d.ts
[12:54:28] Including      : /Users/josemariamartinez/testing-components-ng/src/index.html
[12:54:28] Including      : /Users/josemariamartinez/testing-components-ng/src/main.ts
[12:54:28] Including      : /Users/josemariamartinez/testing-components-ng/src/favicon.ico
[12:54:28] Including      : /Users/josemariamartinez/testing-components-ng/src/polyfills.ts
[12:54:28] Including      : /Users/josemariamartinez/testing-components-ng/src/styles.scss
[12:54:28] Including      : /Users/josemariamartinez/testing-components-ng/src/test.ts
[12:54:28] Including      : /Users/josemariamartinez/testing-components-ng/storybook-static/0.b73eaee9a88f178d62ed.manager.bundle.js
[12:54:28] Including      : /Users/josemariamartinez/testing-components-ng/storybook-static/1.f296d183a17268696d73.manager.bundle.js
[12:54:28] Including      : /Users/josemariamartinez/testing-components-ng/storybook-static/11.49c687eaa6261f8b7be2.manager.bundle.js
[12:54:28] Including      : /Users/josemariamartinez/testing-components-ng/storybook-static/10.9998ba67d65d81d20896.manager.bundle.js
[12:54:28] Including      : /Users/josemariamartinez/testing-components-ng/storybook-static/11.49c687eaa6261f8b7be2.manager.bundle.js.LICENSE.txt
[12:54:28] Including      : /Users/josemariamartinez/testing-components-ng/storybook-static/12.c9538ed3766c96f289e7.manager.bundle.js
[12:54:28] Including      : /Users/josemariamartinez/testing-components-ng/storybook-static/331.fb3a5f59.iframe.bundle.js
[12:54:28] Including      : /Users/josemariamartinez/testing-components-ng/storybook-static/331.fb3a5f59.iframe.bundle.js.LICENSE.txt
[12:54:28] Including      : /Users/josemariamartinez/testing-components-ng/storybook-static/459.f30db4aa.iframe.bundle.js
[12:54:28] Including      : /Users/josemariamartinez/testing-components-ng/storybook-static/5.fa71488e730c5c7f885f.manager.bundle.js
[12:54:28] Including      : /Users/josemariamartinez/testing-components-ng/storybook-static/5.fa71488e730c5c7f885f.manager.bundle.js.LICENSE.txt
[12:54:28] Including      : /Users/josemariamartinez/testing-components-ng/storybook-static/586.07286df6.iframe.bundle.js
[12:54:28] Including      : /Users/josemariamartinez/testing-components-ng/storybook-static/6.8096ae4aadde0743697b.manager.bundle.js
[12:54:28] Including      : /Users/josemariamartinez/testing-components-ng/storybook-static/675.ce52cd8c.iframe.bundle.js
[12:54:28] Including      : /Users/josemariamartinez/testing-components-ng/storybook-static/586.07286df6.iframe.bundle.js.LICENSE.txt
[12:54:28] Including      : /Users/josemariamartinez/testing-components-ng/storybook-static/675.ce52cd8c.iframe.bundle.js.LICENSE.txt
[12:54:28] Including      : /Users/josemariamartinez/testing-components-ng/storybook-static/7.b34baecbd082bc7b188d.manager.bundle.js
[12:54:28] Including      : /Users/josemariamartinez/testing-components-ng/storybook-static/8.15577edffecf900a8de2.manager.bundle.js
[12:54:28] Including      : /Users/josemariamartinez/testing-components-ng/storybook-static/9.d7d85aa0a49a98f17218.manager.bundle.js
[12:54:28] Including      : /Users/josemariamartinez/testing-components-ng/storybook-static/881.ef4639d6.iframe.bundle.js
[12:54:28] Including      : /Users/josemariamartinez/testing-components-ng/storybook-static/913.d45e9882.iframe.bundle.js
[12:54:28] Including      : /Users/josemariamartinez/testing-components-ng/storybook-static/favicon.ico
[12:54:28] Including      : /Users/josemariamartinez/testing-components-ng/storybook-static/iframe.html
[12:54:28] Including      : /Users/josemariamartinez/testing-components-ng/storybook-static/index.html
[12:54:28] Including      : /Users/josemariamartinez/testing-components-ng/storybook-static/main.185c4154c38d7ff89704.manager.bundle.js
[12:54:28] Including      : /Users/josemariamartinez/testing-components-ng/storybook-static/main.b68c21f6.iframe.bundle.js
[12:54:28] Including      : /Users/josemariamartinez/testing-components-ng/storybook-static/runtime~main.909d038f912f063e8837.manager.bundle.js
[12:54:28] Including      : /Users/josemariamartinez/testing-components-ng/storybook-static/runtime~main.bee4e5e3.iframe.bundle.js
[12:54:28] Including      : /Users/josemariamartinez/testing-components-ng/storybook-static/vendors~main.d3455eed64b243c89325.manager.bundle.js
[12:54:28] Including      : /Users/josemariamartinez/testing-components-ng/storybook-static/vendors~main.d3455eed64b243c89325.manager.bundle.js.LICENSE.txt
[12:54:28] Including      : /Users/josemariamartinez/testing-components-ng/.github/workflows/npm.yml
[12:54:28] Including      : /Users/josemariamartinez/testing-components-ng/projects/xplorecomponents/README.md
[12:54:28] Including      : /Users/josemariamartinez/testing-components-ng/projects/xplorecomponents/karma.conf.js
[12:54:28] Including      : /Users/josemariamartinez/testing-components-ng/projects/xplorecomponents/ng-package.json
[12:54:28] Including      : /Users/josemariamartinez/testing-components-ng/projects/xplorecomponents/package.json
[12:54:28] Including      : /Users/josemariamartinez/testing-components-ng/projects/xplorecomponents/tsconfig.lib.prod.json
[12:54:28] Including      : /Users/josemariamartinez/testing-components-ng/projects/xplorecomponents/tsconfig.spec.json
[12:54:28] Including      : /Users/josemariamartinez/testing-components-ng/projects/xplorecomponents/tsconfig.lib.json
[12:54:28] Including      : /Users/josemariamartinez/testing-components-ng/src/app/app-routing.module.ts
[12:54:28] Including      : /Users/josemariamartinez/testing-components-ng/src/app/app.component.html
[12:54:28] Ignoring       : /Users/josemariamartinez/testing-components-ng/src/app/app.component.spec.ts
[12:54:28] Including      : /Users/josemariamartinez/testing-components-ng/src/app/app.component.scss
[12:54:28] Including      : /Users/josemariamartinez/testing-components-ng/src/app/app.component.ts
[12:54:28] Including      : /Users/josemariamartinez/testing-components-ng/src/app/app.module.ts
[12:54:28] Including      : /Users/josemariamartinez/testing-components-ng/src/environments/environment.prod.ts
[12:54:28] Including      : /Users/josemariamartinez/testing-components-ng/src/environments/environment.ts
[12:54:28] Including      : /Users/josemariamartinez/testing-components-ng/src/stories/Button.stories.ts
[12:54:28] Including      : /Users/josemariamartinez/testing-components-ng/src/assets/.gitkeep
[12:54:28] Including      : /Users/josemariamartinez/testing-components-ng/src/stories/Introduction.stories.mdx
[12:54:28] Including      : /Users/josemariamartinez/testing-components-ng/src/stories/Header.stories.ts
[12:54:28] Including      : /Users/josemariamartinez/testing-components-ng/src/stories/Page.stories.ts
[12:54:28] Including      : /Users/josemariamartinez/testing-components-ng/src/stories/button.component.ts
[12:54:28] Including      : /Users/josemariamartinez/testing-components-ng/src/stories/button.css
[12:54:28] Including      : /Users/josemariamartinez/testing-components-ng/src/stories/header.css
[12:54:28] Including      : /Users/josemariamartinez/testing-components-ng/src/stories/header.component.ts
[12:54:28] Including      : /Users/josemariamartinez/testing-components-ng/src/stories/page.css
[12:54:28] Including      : /Users/josemariamartinez/testing-components-ng/src/stories/page.component.ts
[12:54:28] Including      : /Users/josemariamartinez/testing-components-ng/storybook-static/assets/webApplicationInjector.js
[12:54:28] Including      : /Users/josemariamartinez/testing-components-ng/storybook-static/assets/webApplicationInjector.js.LICENSE.txt
[12:54:28] Including      : /Users/josemariamartinez/testing-components-ng/projects/xplorecomponents/src/public-api.ts
[12:54:28] Including      : /Users/josemariamartinez/testing-components-ng/src/app/spartacus/spartacus-configuration.module.ts
[12:54:28] Including      : /Users/josemariamartinez/testing-components-ng/projects/xplorecomponents/src/test.ts
[12:54:28] Including      : /Users/josemariamartinez/testing-components-ng/src/app/spartacus/spartacus.module.ts
[12:54:28] Including      : /Users/josemariamartinez/testing-components-ng/src/stories/assets/code-brackets.svg
[12:54:28] Including      : /Users/josemariamartinez/testing-components-ng/src/stories/assets/colors.svg
[12:54:28] Including      : /Users/josemariamartinez/testing-components-ng/src/app/spartacus/spartacus-features.module.ts
[12:54:28] Including      : /Users/josemariamartinez/testing-components-ng/src/stories/assets/comments.svg
[12:54:28] Including      : /Users/josemariamartinez/testing-components-ng/src/stories/assets/direction.svg
[12:54:28] Including      : /Users/josemariamartinez/testing-components-ng/src/stories/assets/flow.svg
[12:54:28] Including      : /Users/josemariamartinez/testing-components-ng/src/stories/assets/repo.svg
[12:54:28] Including      : /Users/josemariamartinez/testing-components-ng/src/stories/assets/plugin.svg
[12:54:28] Including      : /Users/josemariamartinez/testing-components-ng/src/stories/assets/stackalt.svg
[12:54:28] Including      : /Users/josemariamartinez/testing-components-ng/src/styles/spartacus/cart.scss
[12:54:28] Including      : /Users/josemariamartinez/testing-components-ng/src/styles/spartacus/product.scss
[12:54:28] Including      : /Users/josemariamartinez/testing-components-ng/src/styles/spartacus/storefinder.scss
[12:54:28] Including      : /Users/josemariamartinez/testing-components-ng/src/styles/spartacus/checkout.scss
[12:54:28] Including      : /Users/josemariamartinez/testing-components-ng/src/styles/spartacus/user.scss
[12:54:28] Including      : /Users/josemariamartinez/testing-components-ng/storybook-static/static/media/code-brackets.2e1112d7..svg
[12:54:28] Including      : /Users/josemariamartinez/testing-components-ng/storybook-static/static/media/colors.a4bd0486..svg
[12:54:28] Including      : /Users/josemariamartinez/testing-components-ng/storybook-static/static/media/direction.b770f9af..svg
[12:54:28] Including      : /Users/josemariamartinez/testing-components-ng/storybook-static/static/media/repo.6d496322..svg
[12:54:28] Including      : /Users/josemariamartinez/testing-components-ng/storybook-static/static/media/comments.a3859089..svg
[12:54:28] Including      : /Users/josemariamartinez/testing-components-ng/storybook-static/static/media/stackalt.dba9fbb3..svg
[12:54:28] Including      : /Users/josemariamartinez/testing-components-ng/storybook-static/static/media/plugin.d494b228..svg
[12:54:28] Including      : /Users/josemariamartinez/testing-components-ng/storybook-static/static/media/flow.edad2ac1..svg
[12:54:28] Including      : /Users/josemariamartinez/testing-components-ng/projects/xplorecomponents/.github/workflows/npm.yml
[12:54:28] Including      : /Users/josemariamartinez/testing-components-ng/src/stories/components/geolocation-blocking/geolocation-blocking.component.html
[12:54:28] Including      : /Users/josemariamartinez/testing-components-ng/src/stories/components/geolocation-blocking/geolocation-blocking.component.ts
[12:54:28] Including      : /Users/josemariamartinez/testing-components-ng/src/stories/components/geolocation-blocking/geolocation-blocking.stories.ts
[12:54:28] Including      : /Users/josemariamartinez/testing-components-ng/src/stories/components/register-geolocation/register-geolocation.component.html
[12:54:28] Including      : /Users/josemariamartinez/testing-components-ng/src/stories/components/register-geolocation/register-geolocation.component.ts
[12:54:28] Including      : /Users/josemariamartinez/testing-components-ng/src/stories/components/register-geolocation/register-geolocation.stories.ts
[12:54:28] Including      : /Users/josemariamartinez/testing-components-ng/src/stories/components/register-geolocation-top/register-geolocation-top.component.html
[12:54:28] Including      : /Users/josemariamartinez/testing-components-ng/src/stories/components/register-geolocation-top/register-geolocation-top.component.ts
[12:54:28] Including      : /Users/josemariamartinez/testing-components-ng/src/stories/components/register-geolocation-top/register-geolocation-top.scss
[12:54:28] Including      : /Users/josemariamartinez/testing-components-ng/src/stories/components/register-geolocation-top/register-geolocation-top.stories.ts
[12:54:28] Including      : /Users/josemariamartinez/testing-components-ng/src/app/spartacus/features/cart/cart-quick-order-feature.module.ts
[12:54:28] Including      : /Users/josemariamartinez/testing-components-ng/src/app/spartacus/features/cart/cart-saved-cart-feature.module.ts
[12:54:28] Including      : /Users/josemariamartinez/testing-components-ng/src/app/spartacus/features/checkout/checkout-feature.module.ts
[12:54:28] Including      : /Users/josemariamartinez/testing-components-ng/src/app/spartacus/features/asm/asm-feature.module.ts
[12:54:28] Including      : /Users/josemariamartinez/testing-components-ng/src/app/spartacus/features/smartedit/smart-edit-feature.module.ts
[12:54:28] Including      : /Users/josemariamartinez/testing-components-ng/src/app/spartacus/features/product/product-variants-feature.module.ts
[12:54:28] Including      : /Users/josemariamartinez/testing-components-ng/src/app/spartacus/features/user/user-feature.module.ts
[12:54:28] Including      : /Users/josemariamartinez/testing-components-ng/src/app/spartacus/features/storefinder/store-finder-feature.module.ts
[12:54:28] Including      : /Users/josemariamartinez/testing-components-ng/src/app/spartacus/features/tracking/personalization-feature.module.ts
[12:54:28] Including      : /Users/josemariamartinez/testing-components-ng/projects/xplorecomponents/src/lib/components/geolocation/test-geolocation-blocking.component.html
[12:54:28] Including      : /Users/josemariamartinez/testing-components-ng/projects/xplorecomponents/src/lib/components/geolocation/test-geolocation-blocking.module.ts
[12:54:28] Including      : /Users/josemariamartinez/testing-components-ng/projects/xplorecomponents/src/lib/components/geolocation/test-geolocation-blocking.model.ts
[12:54:28] Ignoring       : /Users/josemariamartinez/testing-components-ng/projects/xplorecomponents/src/lib/components/geolocation/test-geolocation-blocking.component.spec.ts
[12:54:28] Including      : /Users/josemariamartinez/testing-components-ng/projects/xplorecomponents/src/lib/components/geolocation/test-geolocation-blocking.ts
[12:54:28] Including      : /Users/josemariamartinez/testing-components-ng/projects/xplorecomponents/src/lib/components/register-geolocation/test-register-geolocation.component.html
[12:54:28] Ignoring       : /Users/josemariamartinez/testing-components-ng/projects/xplorecomponents/src/lib/components/register-geolocation/test-register-geolocation.component.spec.ts
[12:54:28] Including      : /Users/josemariamartinez/testing-components-ng/projects/xplorecomponents/src/lib/components/register-geolocation/test-register-geolocation.component.ts
[12:54:28] Including      : /Users/josemariamartinez/testing-components-ng/projects/xplorecomponents/src/lib/components/register-geolocation/test-register-geolocation.model.ts
[12:54:28] Including      : /Users/josemariamartinez/testing-components-ng/projects/xplorecomponents/src/lib/components/register-geolocation/test-register-geolocation.module.ts
[12:54:28] Including      : /Users/josemariamartinez/testing-components-ng/projects/xplorecomponents/src/lib/components/register-geolocation-top/test-register-geolocation-top.component.html
[12:54:28] Ignoring       : /Users/josemariamartinez/testing-components-ng/projects/xplorecomponents/src/lib/components/register-geolocation-top/test-register-geolocation-top.component.spec.ts
[12:54:28] Including      : /Users/josemariamartinez/testing-components-ng/projects/xplorecomponents/src/lib/components/register-geolocation-top/test-register-geolocation-top.model.ts
[12:54:28] Including      : /Users/josemariamartinez/testing-components-ng/projects/xplorecomponents/src/lib/components/register-geolocation-top/test-register-geolocation-top.component.ts
[12:54:28] Including      : /Users/josemariamartinez/testing-components-ng/projects/xplorecomponents/src/lib/components/register-geolocation-top/test-register-geolocation-top.module.ts
[12:54:28] Searching package.json file
[12:54:28] package.json file found
[12:54:28] Processing package.json dependencies
[12:54:28] Searching README.md, CHANGELOG.md, CONTRIBUTING.md, LICENSE.md, TODO.md files
[12:54:28] README.md file found
[12:54:28] Error during /Users/josemariamartinez/testing-components-ng/CHANGELOG read
[12:54:28] Continuing without CHANGELOG.md file
[12:54:28] Error during /Users/josemariamartinez/testing-components-ng/CONTRIBUTING read
[12:54:28] Continuing without CONTRIBUTING.md file
[12:54:28] Error during /Users/josemariamartinez/testing-components-ng/LICENSE read
[12:54:28] Continuing without LICENSE.md file
[12:54:28] Error during /Users/josemariamartinez/testing-components-ng/TODO read
[12:54:28] Continuing without TODO.md file
[12:54:28] Get dependencies data
[12:54:32] parsing        : /Users/josemariamartinez/testing-components-ng/src/main.ts
[12:54:32] parsing        : /Users/josemariamartinez/testing-components-ng/src/polyfills.ts
[12:54:32] parsing        : /Users/josemariamartinez/testing-components-ng/src/test.ts
[12:54:32] found          : require
[12:54:32] found          : context
[12:54:32] parsing        : /Users/josemariamartinez/testing-components-ng/src/app/app-routing.module.ts
[12:54:32] found          : AppRoutingModule
[12:54:32]                : - imports:
[12:54:32]                : 	- RouterModule
[12:54:32] parsing        : /Users/josemariamartinez/testing-components-ng/src/app/app.component.ts
[12:54:32] found          : AppComponent
[12:54:32] parsing        : /Users/josemariamartinez/testing-components-ng/src/app/app.module.ts
[12:54:32] found          : AppModule
[12:54:32]                : - imports:
[12:54:32]                : 	- BrowserModule
[12:54:32]                : 	- HttpClientModule
[12:54:32]                : 	- AppRoutingModule
[12:54:32]                : 	- StoreModule
[12:54:32]                : 	- EffectsModule
[12:54:32]                : 	- SpartacusModule
[12:54:32]                : - declarations:
[12:54:32]                : 	- AppComponent
[12:54:32]                : - bootstrap:
[12:54:32]                : 	- AppComponent
[12:54:32] parsing        : /Users/josemariamartinez/testing-components-ng/src/environments/environment.prod.ts
[12:54:32] found          : environment
[12:54:32] parsing        : /Users/josemariamartinez/testing-components-ng/src/environments/environment.ts
[12:54:32] found          : environment
[12:54:32] parsing        : /Users/josemariamartinez/testing-components-ng/src/stories/Button.stories.ts
[12:54:32] found          : Template
[12:54:32] found          : Primary
[12:54:32] found          : Secondary
[12:54:32] found          : Large
[12:54:32] found          : Small
[12:54:32] parsing        : /Users/josemariamartinez/testing-components-ng/src/stories/Header.stories.ts
[12:54:32] found          : Template
[12:54:32] found          : LoggedIn
[12:54:32] found          : LoggedOut
[12:54:32] parsing        : /Users/josemariamartinez/testing-components-ng/src/stories/Page.stories.ts
[12:54:32] found          : Template
[12:54:32] found          : LoggedIn
[12:54:32] found          : LoggedOut
[12:54:32] parsing        : /Users/josemariamartinez/testing-components-ng/src/stories/button.component.ts
[12:54:32] found          : ButtonComponent
[12:54:32] parsing        : /Users/josemariamartinez/testing-components-ng/src/stories/header.component.ts
[12:54:32] found          : HeaderComponent
[12:54:32] parsing        : /Users/josemariamartinez/testing-components-ng/src/stories/page.component.ts
[12:54:32] found          : PageComponent
[12:54:32] parsing        : /Users/josemariamartinez/testing-components-ng/projects/xplorecomponents/src/public-api.ts
[12:54:32] parsing        : /Users/josemariamartinez/testing-components-ng/src/app/spartacus/spartacus-configuration.module.ts
[12:54:32] found          : SpartacusConfigurationModule
[12:54:32]                : - providers:
[12:54:32]                : 	- provideConfig(layoutConfig)
[12:54:32]                : 	- provideConfig(mediaConfig)
[12:54:32]                : 	- defaultCmsContentProviders
[12:54:32]                : 	- provideConfig(<OccConfig>{
    backend: {
        occ: {
            baseUrl: ,
        }
    },
})
[12:54:32]                : 	- provideConfig(<SiteContextConfig>{
    context: {
        currency: [], language: [],
    },
})
[12:54:32]                : 	- provideConfig(<I18nConfig>{
    i18n: {
        resources: translations, chunks: translationChunksConfig, fallbackLang: 
    },
})
[12:54:32]                : 	- provideConfig(<FeaturesConfig>{
    features: {
        level: 
    }
})
[12:54:32] parsing        : /Users/josemariamartinez/testing-components-ng/projects/xplorecomponents/src/test.ts
[12:54:32] found          : require
[12:54:32] found          : context
[12:54:32] parsing        : /Users/josemariamartinez/testing-components-ng/src/app/spartacus/spartacus.module.ts
[12:54:32] found          : SpartacusModule
[12:54:32]                : - imports:
[12:54:32]                : 	- SpartacusFeaturesModule
[12:54:32]                : 	- SpartacusConfigurationModule
[12:54:32]                : 	- BaseStorefrontModule
[12:54:32]                : - exports:
[12:54:32]                : 	- BaseStorefrontModule
[12:54:32] parsing        : /Users/josemariamartinez/testing-components-ng/src/app/spartacus/spartacus-features.module.ts
[12:54:32] found          : SpartacusFeaturesModule
[12:54:32]                : - imports:
[12:54:32]                : 	- AuthModule
[12:54:32]                : 	- LogoutModule
[12:54:32]                : 	- LoginRouteModule
[12:54:32]                : 	- HamburgerMenuModule
[12:54:32]                : 	- SiteContextSelectorModule
[12:54:32]                : 	- LinkModule
[12:54:32]                : 	- BannerModule
[12:54:32]                : 	- CmsParagraphModule
[12:54:32]                : 	- TabParagraphContainerModule
[12:54:32]                : 	- BannerCarouselModule
[12:54:32]                : 	- CategoryNavigationModule
[12:54:32]                : 	- NavigationModule
[12:54:32]                : 	- FooterNavigationModule
[12:54:32]                : 	- BreadcrumbModule
[12:54:32]                : 	- UserTransitionalModule
[12:54:32]                : 	- UserOccTransitionalModule
[12:54:32]                : 	- AddressBookModule
[12:54:32]                : 	- PaymentMethodsModule
[12:54:32]                : 	- NotificationPreferenceModule
[12:54:32]                : 	- MyInterestsModule
[12:54:32]                : 	- StockNotificationModule
[12:54:32]                : 	- ConsentManagementModule
[12:54:32]                : 	- MyCouponsModule
[12:54:32]                : 	- AnonymousConsentsModule
[12:54:32]                : 	- AnonymousConsentsDialogModule
[12:54:32]                : 	- AnonymousConsentManagementBannerModule
[12:54:32]                : 	- ProductModule
[12:54:32]                : 	- ProductOccModule
[12:54:32]                : 	- ProductDetailsPageModule
[12:54:32]                : 	- ProductListingPageModule
[12:54:32]                : 	- ProductListModule
[12:54:32]                : 	- SearchBoxModule
[12:54:32]                : 	- ProductFacetNavigationModule
[12:54:32]                : 	- ProductTabsModule
[12:54:32]                : 	- ProductCarouselModule
[12:54:32]                : 	- ProductReferencesModule
[12:54:32]                : 	- ProductImagesModule
[12:54:32]                : 	- ProductSummaryModule
[12:54:32]                : 	- ProductIntroModule
[12:54:32]                : 	- CartModule
[12:54:32]                : 	- CartOccModule
[12:54:32]                : 	- CartComponentModule
[12:54:32]                : 	- WishListModule
[12:54:32]                : 	- CostCenterOccModule
[12:54:32]                : 	- OrderHistoryModule
[12:54:32]                : 	- OrderDetailsModule
[12:54:32]                : 	- OrderCancellationModule
[12:54:32]                : 	- OrderReturnModule
[12:54:32]                : 	- ReturnRequestListModule
[12:54:32]                : 	- ReturnRequestDetailModule
[12:54:32]                : 	- ReplenishmentOrderHistoryModule
[12:54:32]                : 	- ReplenishmentOrderDetailsModule
[12:54:32]                : 	- OrderOccModule
[12:54:32]                : 	- NavigationEventModule
[12:54:32]                : 	- HomePageEventModule
[12:54:32]                : 	- CartPageEventModule
[12:54:32]                : 	- ProductPageEventModule
[12:54:32]                : 	- ExternalRoutesModule
[12:54:32]                : 	- UserFeatureModule
[12:54:32]                : 	- PersonalizationFeatureModule
[12:54:32]                : 	- StoreFinderFeatureModule
[12:54:32]                : 	- SmartEditFeatureModule
[12:54:32]                : 	- ProductVariantsFeatureModule
[12:54:32]                : 	- CheckoutFeatureModule
[12:54:32]                : 	- CartSavedCartFeatureModule
[12:54:32]                : 	- CartQuickOrderFeatureModule
[12:54:32]                : 	- AsmFeatureModule
[12:54:32] parsing        : /Users/josemariamartinez/testing-components-ng/src/stories/components/geolocation-blocking/geolocation-blocking.component.ts
[12:54:32] found          : GeolocationBlockingModal
[12:54:32] parsing        : /Users/josemariamartinez/testing-components-ng/src/stories/components/geolocation-blocking/geolocation-blocking.stories.ts
[12:54:32] found          : Template
[12:54:32] found          : Default
[12:54:32] parsing        : /Users/josemariamartinez/testing-components-ng/src/stories/components/register-geolocation/register-geolocation.component.ts
[12:54:32] found          : RegisterGeolocationModal
[12:54:32] parsing        : /Users/josemariamartinez/testing-components-ng/src/stories/components/register-geolocation/register-geolocation.stories.ts
[12:54:32] found          : Template
[12:54:32] found          : Default
[12:54:32] parsing        : /Users/josemariamartinez/testing-components-ng/src/stories/components/register-geolocation-top/register-geolocation-top.component.ts
[12:54:32] found          : RegisterGeolocationTop
[12:54:32] parsing        : /Users/josemariamartinez/testing-components-ng/src/stories/components/register-geolocation-top/register-geolocation-top.stories.ts
[12:54:32] found          : Template
[12:54:32] found          : Default
[12:54:32] parsing        : /Users/josemariamartinez/testing-components-ng/src/app/spartacus/features/cart/cart-quick-order-feature.module.ts
[12:54:32] found          : CartQuickOrderFeatureModule
[12:54:32]                : - imports:
[12:54:32]                : 	- QuickOrderRootModule
[12:54:32]                : - providers:
[12:54:32]                : 	- provideConfig(<CmsConfig>{
    featureModules: {
        [CART_QUICK_ORDER_FEATURE]: {
            module: () => import().then((m) => m.QuickOrderModule),
        },
    }
})
[12:54:32]                : 	- provideConfig(<I18nConfig>{
    i18n: {
        resources: quickOrderTranslations, chunks: quickOrderTranslationChunksConfig,
    },
})
[12:54:32] parsing        : /Users/josemariamartinez/testing-components-ng/src/app/spartacus/features/cart/cart-saved-cart-feature.module.ts
[12:54:32] found          : CartSavedCartFeatureModule
[12:54:32]                : - imports:
[12:54:32]                : 	- SavedCartRootModule
[12:54:32]                : - providers:
[12:54:32]                : 	- provideConfig(<CmsConfig>{
    featureModules: {
        [CART_SAVED_CART_FEATURE]: {
            module: () => import().then((m) => m.SavedCartModule),
        },
    }
})
[12:54:32]                : 	- provideConfig(<I18nConfig>{
    i18n: {
        resources: savedCartTranslations, chunks: savedCartTranslationChunksConfig,
    },
})
[12:54:32] parsing        : /Users/josemariamartinez/testing-components-ng/src/app/spartacus/features/checkout/checkout-feature.module.ts
[12:54:32] found          : CheckoutFeatureModule
[12:54:32]                : - imports:
[12:54:32]                : 	- CheckoutRootModule
[12:54:32]                : - providers:
[12:54:32]                : 	- provideConfig(<CmsConfig>{
    featureModules: {
        [CHECKOUT_FEATURE]: {
            module: () => import().then((m) => m.CheckoutModule),
        },
    }
})
[12:54:32]                : 	- provideConfig(<I18nConfig>{
    i18n: {
        resources: checkoutTranslations, chunks: checkoutTranslationChunksConfig,
    },
})
[12:54:32] parsing        : /Users/josemariamartinez/testing-components-ng/src/app/spartacus/features/asm/asm-feature.module.ts
[12:54:32] found          : AsmFeatureModule
[12:54:32]                : - imports:
[12:54:32]                : 	- AsmRootModule
[12:54:32]                : - providers:
[12:54:32]                : 	- provideConfig(<CmsConfig>{
    featureModules: {
        [ASM_FEATURE]: {
            module: () => import().then((m) => m.AsmModule),
        },
    }
})
[12:54:32]                : 	- provideConfig(<I18nConfig>{
    i18n: {
        resources: asmTranslations, chunks: asmTranslationChunksConfig,
    },
})
[12:54:32] parsing        : /Users/josemariamartinez/testing-components-ng/src/app/spartacus/features/smartedit/smart-edit-feature.module.ts
[12:54:32] found          : SmartEditFeatureModule
[12:54:32]                : - imports:
[12:54:32]                : 	- SmartEditRootModule
[12:54:32]                : - providers:
[12:54:32]                : 	- provideConfig(<CmsConfig>{
    featureModules: {
        [SMART_EDIT_FEATURE]: {
            module: () => import().then((m) => m.SmartEditModule),
        },
    }
})
[12:54:32] parsing        : /Users/josemariamartinez/testing-components-ng/src/app/spartacus/features/product/product-variants-feature.module.ts
[12:54:32] found          : ProductVariantsFeatureModule
[12:54:32]                : - imports:
[12:54:32]                : 	- ProductVariantsRootModule
[12:54:32]                : - providers:
[12:54:32]                : 	- provideConfig(<CmsConfig>{
    featureModules: {
        [PRODUCT_VARIANTS_FEATURE]: {
            module: () => import().then((m) => m.ProductVariantsModule),
        },
    }
})
[12:54:32]                : 	- provideConfig(<I18nConfig>{
    i18n: {
        resources: productVariantsTranslations, chunks: productVariantsTranslationChunksConfig,
    },
})
[12:54:32] parsing        : /Users/josemariamartinez/testing-components-ng/src/app/spartacus/features/user/user-feature.module.ts
[12:54:32] found          : UserFeatureModule
[12:54:32]                : - imports:
[12:54:32]                : 	- UserAccountRootModule
[12:54:32]                : 	- UserProfileRootModule
[12:54:32]                : - providers:
[12:54:32]                : 	- provideConfig(<CmsConfig>{
    featureModules: {
        [USER_ACCOUNT_FEATURE]: {
            module: () => import().then((m) => m.UserAccountModule),
        },
    }
})
[12:54:32]                : 	- provideConfig(<I18nConfig>{
    i18n: {
        resources: userAccountTranslations, chunks: userAccountTranslationChunksConfig,
    },
})
[12:54:32]                : 	- provideConfig(<CmsConfig>{
    featureModules: {
        [USER_PROFILE_FEATURE]: {
            module: () => import().then((m) => m.UserProfileModule),
        },
    }
})
[12:54:32]                : 	- provideConfig(<I18nConfig>{
    i18n: {
        resources: userProfileTranslations, chunks: userProfileTranslationChunksConfig,
    },
})
[12:54:32] parsing        : /Users/josemariamartinez/testing-components-ng/src/app/spartacus/features/storefinder/store-finder-feature.module.ts
[12:54:32] found          : StoreFinderFeatureModule
[12:54:32]                : - imports:
[12:54:32]                : 	- StoreFinderRootModule
[12:54:32]                : - providers:
[12:54:32]                : 	- provideConfig(<CmsConfig>{
    featureModules: {
        [STORE_FINDER_FEATURE]: {
            module: () => import().then((m) => m.StoreFinderModule),
        },
    }
})
[12:54:32]                : 	- provideConfig(<I18nConfig>{
    i18n: {
        resources: storeFinderTranslations, chunks: storeFinderTranslationChunksConfig,
    },
})
[12:54:32] parsing        : /Users/josemariamartinez/testing-components-ng/src/app/spartacus/features/tracking/personalization-feature.module.ts
[12:54:32] found          : PersonalizationFeatureModule
[12:54:32]                : - imports:
[12:54:32]                : 	- PersonalizationRootModule
[12:54:32]                : - providers:
[12:54:32]                : 	- provideConfig(<CmsConfig>{
    featureModules: {
        [PERSONALIZATION_FEATURE]: {
            module: () => import().then((m) => m.PersonalizationModule),
        },
    }
})
[12:54:32] parsing        : /Users/josemariamartinez/testing-components-ng/projects/xplorecomponents/src/lib/components/geolocation/test-geolocation-blocking.module.ts
[12:54:32] found          : TestGeolocationBlockingModule
[12:54:32]                : - imports:
[12:54:32]                : 	- CommonModule
[12:54:32]                : 	- NgbModule
[12:54:32]                : 	- I18nModule
[12:54:32]                : 	- ConfigModule
[12:54:32]                : - exports:
[12:54:32]                : 	- TestGeolocationBlockingComponent
[12:54:32]                : - declarations:
[12:54:32]                : 	- TestGeolocationBlockingComponent
[12:54:32]                : - providers:
[12:54:32]                : 	- LanguageService
[12:54:32]                : 	- provideConfig({
    i18n: {
        backend: {
            loadPath: ,
        }, chunks: translationChunksConfig, fallbackLang: ,
    },
})
[12:54:32] parsing        : /Users/josemariamartinez/testing-components-ng/projects/xplorecomponents/src/lib/components/geolocation/test-geolocation-blocking.model.ts
[12:54:32] found          : TestGeolocationBlockingModel
[12:54:32] found          : AfterContentInit
[12:54:32] parsing        : /Users/josemariamartinez/testing-components-ng/projects/xplorecomponents/src/lib/components/geolocation/test-geolocation-blocking.ts
[12:54:32] found          : TestGeolocationBlockingComponent
[12:54:32] parsing        : /Users/josemariamartinez/testing-components-ng/projects/xplorecomponents/src/lib/components/register-geolocation/test-register-geolocation.component.ts
[12:54:32] found          : TestRegisterGeolocationComponent
[12:54:32] parsing        : /Users/josemariamartinez/testing-components-ng/projects/xplorecomponents/src/lib/components/register-geolocation/test-register-geolocation.model.ts
[12:54:32] found          : TestRegisterGeolocationModel
[12:54:32] found          : AfterContentInit
[12:54:32] parsing        : /Users/josemariamartinez/testing-components-ng/projects/xplorecomponents/src/lib/components/register-geolocation/test-register-geolocation.module.ts
[12:54:32] found          : TestRegisterGeolocationModule
[12:54:32]                : - imports:
[12:54:32]                : 	- CommonModule
[12:54:32]                : 	- NgbModule
[12:54:32]                : 	- I18nModule
[12:54:32]                : 	- ConfigModule
[12:54:32]                : - exports:
[12:54:32]                : 	- TestRegisterGeolocationComponent
[12:54:32]                : - declarations:
[12:54:32]                : 	- TestRegisterGeolocationComponent
[12:54:32]                : - providers:
[12:54:32]                : 	- provideConfig({
    i18n: {
        backend: {
            loadPath: ,
        }, chunks: translationChunksConfig, fallbackLang: ,
    },
})
[12:54:32] parsing        : /Users/josemariamartinez/testing-components-ng/projects/xplorecomponents/src/lib/components/register-geolocation-top/test-register-geolocation-top.model.ts
[12:54:32] found          : TestRegisterGeolocationTopModel
[12:54:32] found          : AfterContentInit
[12:54:32] parsing        : /Users/josemariamartinez/testing-components-ng/projects/xplorecomponents/src/lib/components/register-geolocation-top/test-register-geolocation-top.component.ts
[12:54:32] found          : TestRegisterGeolocationTopComponent
[12:54:32] parsing        : /Users/josemariamartinez/testing-components-ng/projects/xplorecomponents/src/lib/components/register-geolocation-top/test-register-geolocation-top.module.ts
[12:54:32] found          : TestRegisterGeolocationTopModule
[12:54:33]                : - imports:
[12:54:33]                : 	- CommonModule
[12:54:33]                : 	- NgbModule
[12:54:33]                : 	- I18nModule
[12:54:33]                : 	- ConfigModule
[12:54:33]                : - exports:
[12:54:33]                : 	- TestRegisterGeolocationTopComponent
[12:54:33]                : - declarations:
[12:54:33]                : 	- TestRegisterGeolocationTopComponent
[12:54:33]                : - providers:
[12:54:33]                : 	- provideConfig({
    i18n: {
        backend: {
            loadPath: ,
        }, chunks: translationChunksConfig, fallbackLang: ,
    },
})
[12:54:33] -------------------
[12:54:33] Project statistics 
[12:54:33] - files      : 139
[12:54:33] - module     : 17
[12:54:33] - component  : 10
[12:54:33] - interface  : 6
[12:54:33] -------------------
[12:54:33] Prepare components
[12:54:33]  AppComponent has a templateUrl, include it
[12:54:33]  AppComponent has styleUrls, include them
[12:54:33]  ButtonComponent has styleUrls, include them
[12:54:33]  GeolocationBlockingModal has a templateUrl, include it
[12:54:33]  HeaderComponent has styleUrls, include them
[12:54:33]  PageComponent has styleUrls, include them
[12:54:33]  RegisterGeolocationModal has a templateUrl, include it
[12:54:33]  RegisterGeolocationTop has a templateUrl, include it
[12:54:33]  RegisterGeolocationTop has styleUrls, include them
[12:54:33]  TestGeolocationBlockingComponent has a templateUrl, include it
[12:54:33]  TestRegisterGeolocationComponent has a templateUrl, include it
[12:54:33]  TestRegisterGeolocationTopComponent has a templateUrl, include it
[12:54:33] Prepare modules
[12:54:33] Prepare interfaces
[12:54:33] Prepare miscellaneous
[12:54:33] Process documentation coverage report
[12:54:33] Generating documentation in export format json
[12:54:33] Documentation generated in ./ in 4.243 seconds
info @storybook/angular v6.3.8
info 
info => Cleaning outputDir: /var/folders/z4/b591xjxn1zg01g92kxjjtzwh0000gn/T/chromatic--86755-twNRGRSmkn5X
info => Loading presets
info => Compiling preview..
info => Loading 1 config file in "/Users/josemariamartinez/testing-components-ng/.storybook"
info => Loading 9 other files in "/Users/josemariamartinez/testing-components-ng/.storybook"
info => Adding stories defined in "/Users/josemariamartinez/testing-components-ng/.storybook/main.js"
info => Found custom tsconfig.json
Compiling @angular/animations : fesm2015 as esm2015
Compiling @angular/core : fesm2015 as esm2015
Compiling @angular/animations/browser : fesm2015 as esm2015
Compiling @angular/animations/browser/testing : fesm2015 as esm2015
Compiling @angular/common : fesm2015 as esm2015
Compiling @angular/common/http : fesm2015 as esm2015
Compiling @angular/common/http/testing : fesm2015 as esm2015
Compiling @angular/elements : fesm2015 as esm2015
Compiling @angular/platform-browser : fesm2015 as esm2015
Compiling @angular/platform-browser/animations : fesm2015 as esm2015
Compiling @angular/core/testing : fesm2015 as esm2015
Compiling @angular/platform-browser-dynamic : fesm2015 as esm2015
Compiling @angular/platform-browser/testing : fesm2015 as esm2015
Compiling @angular/compiler/testing : fesm2015 as esm2015
Compiling @angular/platform-browser-dynamic/testing : fesm2015 as esm2015
Compiling @angular/common/testing : fesm2015 as esm2015
Compiling @angular/router : fesm2015 as esm2015
Compiling @angular/router/testing : fesm2015 as esm2015
Compiling @angular/service-worker : fesm2015 as esm2015
Compiling @angular/service-worker/config : fesm2015 as esm2015
Compiling @angular/forms : fesm2015 as esm2015
Compiling @ng-bootstrap/ng-bootstrap : fesm2015 as esm2015
Compiling @ng-select/ng-select : fesm2015 as esm2015
Compiling @ngrx/store : fesm2015 as esm2015
Compiling @ngrx/effects : fesm2015 as esm2015
Compiling @ngrx/effects/testing : fesm2015 as esm2015
Compiling @ngrx/router-store : fesm2015 as esm2015
Compiling @ngrx/store/testing : fesm2015 as esm2015
Compiling @nguniversal/common : fesm2015 as esm2015
Compiling @nguniversal/common/clover : fesm2015 as esm2015
Compiling @nguniversal/express-engine/tokens : fesm2015 as esm2015
Compiling angular-oauth2-oidc : fesm2015 as esm2015
Compiling ngx-infinite-scroll : es2015 as esm2015
info => Using implicit CSS loaders
info => Loading angular-cli config
info => Using angular project "testing-spartacus-ng:build" for configuring Storybook
info => Using angular-cli webpack config
info => Using default Webpack5 setup
<s> [webpack.Progress] 0% 

<s> [webpack.Progress] 1% setup initialize
<s> [webpack.Progress] 1% setup initialize HtmlWebpackPlugin
<s> [webpack.Progress] 1% setup initialize
<s> [webpack.Progress] 2% setup before run
<s> [webpack.Progress] 2% setup before run NodeEnvironmentPlugin
<s> [webpack.Progress] 2% setup before run
<s> [webpack.Progress] 3% setup run
<s> [webpack.Progress] 3% setup run fork-ts-checker-webpack-plugin
<s> [webpack.Progress] 3% setup run
<s> [webpack.Progress] 4% setup normal module factory
<s> [webpack.Progress] 4% setup normal module factory CaseSensitivePathsPlugin
<s> [webpack.Progress] 4% setup normal module factory
<s> [webpack.Progress] 5% setup context module factory
<s> [webpack.Progress] 5% setup context module factory ContextReplacementPlugin
<s> [webpack.Progress] 5% setup context module factory ContextReplacementPlugin
<s> [webpack.Progress] 5% setup context module factory
<s> [webpack.Progress] 6% setup before compile
<s> [webpack.Progress] 6% setup before compile ProgressPlugin
<s> [webpack.Progress] 6% setup before compile
<s> [webpack.Progress] 7% setup compile
<s> [webpack.Progress] 7% setup compile fork-ts-checker-webpack-plugin
Starting type checking service...
<s> [webpack.Progress] 7% setup compile ExternalsPlugin
<s> [webpack.Progress] 7% setup compile
<s> [webpack.Progress] 8% setup compilation
<s> [webpack.Progress] 8% setup compilation CopyPlugin
<s> [webpack.Progress] 8% setup compilation ArrayPushCallbackChunkFormatPlugin
<s> [webpack.Progress] 8% setup compilation JsonpChunkLoadingPlugin
<s> [webpack.Progress] 8% setup compilation StartupChunkDependenciesPlugin
<s> [webpack.Progress] 8% setup compilation ImportScriptsChunkLoadingPlugin
<s> [webpack.Progress] 8% setup compilation FetchCompileWasmPlugin
<s> [webpack.Progress] 8% setup compilation FetchCompileAsyncWasmPlugin
<s> [webpack.Progress] 8% setup compilation WorkerPlugin
<s> [webpack.Progress] 8% setup compilation SplitChunksPlugin
<s> [webpack.Progress] 8% setup compilation RuntimeChunkPlugin
<s> [webpack.Progress] 8% setup compilation ResolverCachePlugin
<s> [webpack.Progress] 8% setup compilation HtmlWebpackPlugin
<s> [webpack.Progress] 8% setup compilation
<s> [webpack.Progress] 9% setup compilation
<s> [webpack.Progress] 9% setup compilation AnyComponentStyleBudgetChecker
<s> [webpack.Progress] 9% setup compilation DedupeModuleResolvePlugin
<s> [webpack.Progress] 9% setup compilation DefinePlugin
<s> [webpack.Progress] 9% setup compilation ProgressPlugin
<s> [webpack.Progress] 9% setup compilation ChunkPrefetchPreloadPlugin
<s> [webpack.Progress] 9% setup compilation SourceMapDevToolPlugin
<s> [webpack.Progress] 9% setup compilation JavascriptModulesPlugin
<s> [webpack.Progress] 9% setup compilation JsonModulesPlugin
<s> [webpack.Progress] 9% setup compilation AssetModulesPlugin
<s> [webpack.Progress] 9% setup compilation EntryPlugin
<s> [webpack.Progress] 9% setup compilation EntryPlugin
<s> [webpack.Progress] 9% setup compilation EntryPlugin
<s> [webpack.Progress] 9% setup compilation EntryPlugin
<s> [webpack.Progress] 9% setup compilation EntryPlugin
<s> [webpack.Progress] 9% setup compilation EntryPlugin
<s> [webpack.Progress] 9% setup compilation EntryPlugin
<s> [webpack.Progress] 9% setup compilation EntryPlugin
<s> [webpack.Progress] 9% setup compilation EntryPlugin
<s> [webpack.Progress] 9% setup compilation EntryPlugin
<s> [webpack.Progress] 9% setup compilation EntryPlugin
<s> [webpack.Progress] 9% setup compilation EntryPlugin
<s> [webpack.Progress] 9% setup compilation EntryPlugin
<s> [webpack.Progress] 9% setup compilation EntryPlugin
<s> [webpack.Progress] 9% setup compilation EntryPlugin
<s> [webpack.Progress] 9% setup compilation EntryPlugin
<s> [webpack.Progress] 9% setup compilation EntryPlugin
<s> [webpack.Progress] 9% setup compilation EntryPlugin
<s> [webpack.Progress] 9% setup compilation EntryPlugin
<s> [webpack.Progress] 9% setup compilation EntryPlugin
<s> [webpack.Progress] 9% setup compilation RuntimePlugin
<s> [webpack.Progress] 9% setup compilation InferAsyncModulesPlugin
<s> [webpack.Progress] 9% setup compilation DataUriPlugin
<s> [webpack.Progress] 9% setup compilation FileUriPlugin
<s> [webpack.Progress] 9% setup compilation CompatibilityPlugin
<s> [webpack.Progress] 9% setup compilation HarmonyModulesPlugin
<s> [webpack.Progress] 9% setup compilation AMDPlugin
<s> [webpack.Progress] 9% setup compilation RequireJsStuffPlugin
<s> [webpack.Progress] 9% setup compilation CommonJsPlugin
<s> [webpack.Progress] 9% setup compilation LoaderPlugin
<s> [webpack.Progress] 9% setup compilation LoaderPlugin
<s> [webpack.Progress] 9% setup compilation NodeStuffPlugin
<s> [webpack.Progress] 9% setup compilation APIPlugin
<s> [webpack.Progress] 9% setup compilation ExportsInfoApiPlugin
<s> [webpack.Progress] 9% setup compilation WebpackIsIncludedPlugin
<s> [webpack.Progress] 9% setup compilation ConstPlugin
<s> [webpack.Progress] 9% setup compilation UseStrictPlugin
<s> [webpack.Progress] 9% setup compilation RequireIncludePlugin
<s> [webpack.Progress] 9% setup compilation RequireEnsurePlugin
<s> [webpack.Progress] 9% setup compilation RequireContextPlugin
<s> [webpack.Progress] 9% setup compilation ImportPlugin
<s> [webpack.Progress] 9% setup compilation SystemPlugin
<s> [webpack.Progress] 9% setup compilation ImportMetaPlugin
<s> [webpack.Progress] 9% setup compilation URLPlugin
<s> [webpack.Progress] 9% setup compilation DefaultStatsFactoryPlugin
<s> [webpack.Progress] 9% setup compilation DefaultStatsPresetPlugin
<s> [webpack.Progress] 9% setup compilation DefaultStatsPrinterPlugin
<s> [webpack.Progress] 9% setup compilation JavascriptMetaInfoPlugin
<s> [webpack.Progress] 9% setup compilation EnsureChunkConditionsPlugin
<s> [webpack.Progress] 9% setup compilation RemoveEmptyChunksPlugin
<s> [webpack.Progress] 9% setup compilation MergeDuplicateChunksPlugin
<s> [webpack.Progress] 9% setup compilation FlagIncludedChunksPlugin
<s> [webpack.Progress] 9% setup compilation SideEffectsFlagPlugin
<s> [webpack.Progress] 9% setup compilation FlagDependencyExportsPlugin
<s> [webpack.Progress] 9% setup compilation FlagDependencyUsagePlugin
<s> [webpack.Progress] 9% setup compilation InnerGraphPlugin
<s> [webpack.Progress] 9% setup compilation MangleExportsPlugin
<s> [webpack.Progress] 9% setup compilation ModuleConcatenationPlugin
<s> [webpack.Progress] 9% setup compilation NoEmitOnErrorsPlugin
<s> [webpack.Progress] 9% setup compilation RealContentHashPlugin
<s> [webpack.Progress] 9% setup compilation WasmFinalizeExportsPlugin
<s> [webpack.Progress] 9% setup compilation DeterministicModuleIdsPlugin
<s> [webpack.Progress] 9% setup compilation DeterministicChunkIdsPlugin
<s> [webpack.Progress] 9% setup compilation DefinePlugin
<s> [webpack.Progress] 9% setup compilation TerserPlugin
<s> [webpack.Progress] 9% setup compilation TemplatedPathPlugin
<s> [webpack.Progress] 9% setup compilation RecordIdsPlugin
<s> [webpack.Progress] 9% setup compilation WarnCaseSensitiveModulesPlugin
<s> [webpack.Progress] 9% setup compilation IgnoreWarningsPlugin
<s> [webpack.Progress] 9% setup compilation
<s> [webpack.Progress] 10% building
<s> [webpack.Progress] 10% building 0/1 entries 0/0 dependencies 0/0 modules
<s> [webpack.Progress] 10% building import loader ./node_modules/babel-loader/lib/index.js
<s> [webpack.Progress] 10% building 0/20 entries 3/20 dependencies 0/3 modules
<s> [webpack.Progress] 10% building 0/20 entries 4/20 dependencies 0/3 modules
<s> [webpack.Progress] 10% building import loader ./node_modules/@angular-devkit/build-angular/node_modules/style-loader/dist/cjs.js
<s> [webpack.Progress] 10% building import loader ./node_modules/@angular-devkit/build-angular/node_modules/css-loader/dist/cjs.js
<s> [webpack.Progress] 10% building import loader ./node_modules/@angular-devkit/build-angular/node_modules/postcss-loader/dist/cjs.js
<s> [webpack.Progress] 10% building import loader ./node_modules/resolve-url-loader/index.js
<s> [webpack.Progress] 10% building import loader ./node_modules/sass-loader/dist/cjs.js
<s> [webpack.Progress] 10% building 0/20 entries 4/20 dependencies 0/4 modules
<s> [webpack.Progress] 10% building 0/20 entries 128/200 dependencies 10/64 modules
<s> [webpack.Progress] 12% building 1/20 entries 185/269 dependencies 13/100 modules
<s> [webpack.Progress] 12% building import loader ./node_modules/@mdx-js/loader/index.js
<s> [webpack.Progress] 12% building 1/20 entries 372/436 dependencies 16/200 modules
<s> [webpack.Progress] 12% building import loader ./node_modules/@storybook/angular/node_modules/ts-loader/index.js
<s> [webpack.Progress] 12% building import loader ./node_modules/@storybook/angular/dist/ts3.9/server/ngx-template-loader/index.js
<s> [webpack.Progress] 12% building import loader ./node_modules/@storybook/source-loader/dist/cjs/index.js
<s> [webpack.Progress] 12% building 1/20 entries 394/436 dependencies 16/214 modules
<s> [webpack.Progress] 12% building 1/20 entries 484/865 dependencies 21/228 modules
[BABEL] Note: The code generator has deoptimised the styling of /Users/josemariamartinez/testing-components-ng/node_modules/prettier/standalone.js as it exceeds the max of 500KB.
<s> [webpack.Progress] 12% building 1/20 entries 558/865 dependencies 22/245 modules
<s> [webpack.Progress] 12% building 1/20 entries 1497/1541 dependencies 105/400 modules
<s> [webpack.Progress] 12% building 1/20 entries 1770/1900 dependencies 232/466 modules
<s> [webpack.Progress] 12% building import loader ./node_modules/@storybook/angular/node_modules/raw-loader/dist/cjs.js
<s> [webpack.Progress] 12% building 1/20 entries 2115/2187 dependencies 263/527 modules
<s> [webpack.Progress] 13% building 1/20 entries 2300/2480 dependencies 299/578 modules
<s> [webpack.Progress] 14% building 1/20 entries 3200/3269 dependencies 418/875 modules
<s> [webpack.Progress] 17% building 1/20 entries 3900/3962 dependencies 645/1013 modules
<s> [webpack.Progress] 21% building 1/20 entries 4800/4881 dependencies 1030/1216 modules
<s> [webpack.Progress] 22% building 2/20 entries 5153/5188 dependencies 1153/1303 modules
<s> [webpack.Progress] 22% building 3/20 entries 5153/5188 dependencies 1154/1303 modules
<s> [webpack.Progress] 22% building 4/20 entries 5153/5188 dependencies 1155/1303 modules
<s> [webpack.Progress] 23% building 5/20 entries 5153/5188 dependencies 1156/1303 modules
<s> [webpack.Progress] 26% building 6/20 entries 5153/5188 dependencies 1157/1303 modules
<s> [webpack.Progress] 29% building 7/20 entries 5153/5188 dependencies 1158/1303 modules
<s> [webpack.Progress] 32% building 8/20 entries 5153/5188 dependencies 1159/1303 modules
<s> [webpack.Progress] 34% building 9/20 entries 5153/5188 dependencies 1160/1303 modules
<s> [webpack.Progress] 37% building 10/20 entries 5153/5188 dependencies 1161/1303 modules
<s> [webpack.Progress] 40% building 11/20 entries 5700/5712 dependencies 1394/1454 modules
<s> [webpack.Progress] 43% building 12/20 entries 5717/5721 dependencies 1426/1458 modules
<s> [webpack.Progress] 45% building 13/20 entries 5727/5727 dependencies 1445/1462 modules
<s> [webpack.Progress] 48% building 14/20 entries 5729/5729 dependencies 1448/1463 modules
<s> [webpack.Progress] 51% building 15/20 entries 5730/5730 dependencies 1450/1463 modules
<s> [webpack.Progress] 53% building 16/20 entries 5731/5731 dependencies 1452/1463 modules
<s> [webpack.Progress] 56% building 17/20 entries 5731/5731 dependencies 1457/1463 modules
<s> [webpack.Progress] 59% building 18/20 entries 5732/5732 dependencies 1459/1463 modules
<s> [webpack.Progress] 62% building 19/20 entries 5733/5733 dependencies 1461/1463 modules
<s> [webpack.Progress] 65% building 20/20 entries 5734/5734 dependencies 1463/1463 modules
<s> [webpack.Progress] 65% building
<s> [webpack.Progress] 69% building finish
<s> [webpack.Progress] 69% building finish
<s> [webpack.Progress] 70% sealing finish module graph
<s> [webpack.Progress] 70% sealing finish module graph ResolverCachePlugin
<s> [webpack.Progress] 70% sealing finish module graph InferAsyncModulesPlugin
<s> [webpack.Progress] 70% sealing finish module graph FlagDependencyExportsPlugin
<s> [webpack.Progress] 70% sealing finish module graph InnerGraphPlugin
<s> [webpack.Progress] 70% sealing finish module graph WasmFinalizeExportsPlugin
<s> [webpack.Progress] 70% sealing finish module graph
<s> [webpack.Progress] 70% sealing plugins
<s> [webpack.Progress] 70% sealing plugins WarnCaseSensitiveModulesPlugin
<s> [webpack.Progress] 70% sealing plugins
<s> [webpack.Progress] 71% sealing dependencies optimization
<s> [webpack.Progress] 71% sealing dependencies optimization SideEffectsFlagPlugin
<s> [webpack.Progress] 71% sealing dependencies optimization FlagDependencyUsagePlugin
<s> [webpack.Progress] 71% sealing dependencies optimization
<s> [webpack.Progress] 71% sealing after dependencies optimization
<s> [webpack.Progress] 71% sealing after dependencies optimization
<s> [webpack.Progress] 72% sealing chunk graph
<s> [webpack.Progress] 72% sealing chunk graph
<s> [webpack.Progress] 73% sealing after chunk graph
<s> [webpack.Progress] 73% sealing after chunk graph
<s> [webpack.Progress] 73% sealing optimizing
<s> [webpack.Progress] 73% sealing optimizing
<s> [webpack.Progress] 74% sealing module optimization
<s> [webpack.Progress] 74% sealing module optimization
<s> [webpack.Progress] 75% sealing after module optimization
<s> [webpack.Progress] 75% sealing after module optimization
<s> [webpack.Progress] 75% sealing chunk optimization
<s> [webpack.Progress] 75% sealing chunk optimization EnsureChunkConditionsPlugin
<s> [webpack.Progress] 75% sealing chunk optimization RemoveEmptyChunksPlugin
<s> [webpack.Progress] 75% sealing chunk optimization MergeDuplicateChunksPlugin
<s> [webpack.Progress] 75% sealing chunk optimization SplitChunksPlugin
<s> [webpack.Progress] 75% sealing chunk optimization RemoveEmptyChunksPlugin
<s> [webpack.Progress] 75% sealing chunk optimization
<s> [webpack.Progress] 76% sealing after chunk optimization
<s> [webpack.Progress] 76% sealing after chunk optimization
<s> [webpack.Progress] 77% sealing module and chunk tree optimization
<s> [webpack.Progress] 77% sealing module and chunk tree optimization PersistentChildCompilerSingletonPlugin
<s> [webpack.Progress] 77% sealing module and chunk tree optimization
<s> [webpack.Progress] 77% sealing after module and chunk tree optimization
<s> [webpack.Progress] 77% sealing after module and chunk tree optimization
<s> [webpack.Progress] 78% sealing chunk modules optimization
<s> [webpack.Progress] 78% sealing chunk modules optimization ModuleConcatenationPlugin
<s> [webpack.Progress] 78% sealing chunk modules optimization
<s> [webpack.Progress] 78% sealing after chunk modules optimization
<s> [webpack.Progress] 78% sealing after chunk modules optimization
<s> [webpack.Progress] 79% sealing module reviving
<s> [webpack.Progress] 79% sealing module reviving RecordIdsPlugin
<s> [webpack.Progress] 79% sealing module reviving
<s> [webpack.Progress] 80% sealing before module ids
<s> [webpack.Progress] 80% sealing before module ids
<s> [webpack.Progress] 80% sealing module ids
<s> [webpack.Progress] 80% sealing module ids DeterministicModuleIdsPlugin
<s> [webpack.Progress] 80% sealing module ids
<s> [webpack.Progress] 81% sealing module id optimization
<s> [webpack.Progress] 81% sealing module id optimization
<s> [webpack.Progress] 82% sealing module id optimization
<s> [webpack.Progress] 82% sealing module id optimization
<s> [webpack.Progress] 82% sealing chunk reviving
<s> [webpack.Progress] 82% sealing chunk reviving RecordIdsPlugin
<s> [webpack.Progress] 82% sealing chunk reviving
<s> [webpack.Progress] 83% sealing before chunk ids
<s> [webpack.Progress] 83% sealing before chunk ids
<s> [webpack.Progress] 84% sealing chunk ids
<s> [webpack.Progress] 84% sealing chunk ids DeterministicChunkIdsPlugin
<s> [webpack.Progress] 84% sealing chunk ids
<s> [webpack.Progress] 84% sealing chunk id optimization
<s> [webpack.Progress] 84% sealing chunk id optimization FlagIncludedChunksPlugin
<s> [webpack.Progress] 84% sealing chunk id optimization
<s> [webpack.Progress] 85% sealing after chunk id optimization
<s> [webpack.Progress] 85% sealing after chunk id optimization
<s> [webpack.Progress] 86% sealing record modules
<s> [webpack.Progress] 86% sealing record modules RecordIdsPlugin
<s> [webpack.Progress] 86% sealing record modules
<s> [webpack.Progress] 86% sealing record chunks
<s> [webpack.Progress] 86% sealing record chunks RecordIdsPlugin
<s> [webpack.Progress] 86% sealing record chunks
<s> [webpack.Progress] 87% sealing module hashing
<s> [webpack.Progress] 87% sealing module hashing
<s> [webpack.Progress] 87% sealing code generation
<s> [webpack.Progress] 87% sealing code generation
<s> [webpack.Progress] 88% sealing runtime requirements
<s> [webpack.Progress] 88% sealing runtime requirements
<s> [webpack.Progress] 89% sealing hashing
<s> [webpack.Progress] 89% sealing hashing
<s> [webpack.Progress] 89% sealing after hashing
<s> [webpack.Progress] 89% sealing after hashing
<s> [webpack.Progress] 90% sealing record hash
<s> [webpack.Progress] 90% sealing record hash
<s> [webpack.Progress] 91% sealing module assets processing
<s> [webpack.Progress] 91% sealing module assets processing
<s> [webpack.Progress] 91% sealing chunk assets processing
<s> [webpack.Progress] 91% sealing chunk assets processing
<s> [webpack.Progress] 92% sealing asset processing
<s> [webpack.Progress] 92% sealing asset processing copy-webpack-plugin
<s> [webpack.Progress] 92% sealing asset processing PersistentChildCompilerSingletonPlugin
<s> [webpack.Progress] 92% sealing asset processing TerserPlugin
<s> [webpack.Progress] 92% sealing asset processing SourceMapDevToolPlugin
<s> [webpack.Progress] 92% sealing asset processing SourceMapDevToolPlugin
<s> [webpack.Progress] 92% sealing asset processing SourceMapDevToolPlugin main.955c4616.iframe.bundle.js generate SourceMap
<s> [webpack.Progress] 92% sealing asset processing SourceMapDevToolPlugin main.955c4616.iframe.bundle.js generated SourceMap
<s> [webpack.Progress] 92% sealing asset processing SourceMapDevToolPlugin runtime~main.134dbbc3.iframe.bundle.js generate SourceMap
<s> [webpack.Progress] 92% sealing asset processing SourceMapDevToolPlugin runtime~main.134dbbc3.iframe.bundle.js generated SourceMap
<s> [webpack.Progress] 92% sealing asset processing SourceMapDevToolPlugin 278.1710eb55.iframe.bundle.js generate SourceMap
<s> [webpack.Progress] 92% sealing asset processing SourceMapDevToolPlugin 278.1710eb55.iframe.bundle.js generated SourceMap
<s> [webpack.Progress] 92% sealing asset processing SourceMapDevToolPlugin 913.8f439bc7.iframe.bundle.js generate SourceMap
<s> [webpack.Progress] 92% sealing asset processing SourceMapDevToolPlugin 913.8f439bc7.iframe.bundle.js generated SourceMap
<s> [webpack.Progress] 92% sealing asset processing SourceMapDevToolPlugin 881.e6ee11f5.iframe.bundle.js generate SourceMap
<s> [webpack.Progress] 92% sealing asset processing SourceMapDevToolPlugin 881.e6ee11f5.iframe.bundle.js generated SourceMap
<s> [webpack.Progress] 92% sealing asset processing SourceMapDevToolPlugin 459.a9b10af4.iframe.bundle.js generate SourceMap
<s> [webpack.Progress] 92% sealing asset processing SourceMapDevToolPlugin 459.a9b10af4.iframe.bundle.js generated SourceMap
<s> [webpack.Progress] 92% sealing asset processing SourceMapDevToolPlugin 331.60bfb9dd.iframe.bundle.js generate SourceMap
<s> [webpack.Progress] 92% sealing asset processing SourceMapDevToolPlugin 331.60bfb9dd.iframe.bundle.js generated SourceMap
<s> [webpack.Progress] 92% sealing asset processing SourceMapDevToolPlugin 638.d13d5f53.iframe.bundle.js generate SourceMap
<s> [webpack.Progress] 92% sealing asset processing SourceMapDevToolPlugin 638.d13d5f53.iframe.bundle.js generated SourceMap
<s> [webpack.Progress] 92% sealing asset processing SourceMapDevToolPlugin assets/webApplicationInjector.js generate SourceMap
<s> [webpack.Progress] 92% sealing asset processing SourceMapDevToolPlugin assets/webApplicationInjector.js generated SourceMap
<s> [webpack.Progress] 92% sealing asset processing SourceMapDevToolPlugin resolve sources
<s> [webpack.Progress] 92% sealing asset processing SourceMapDevToolPlugin
<s> [webpack.Progress] 92% sealing asset processing HtmlWebpackPlugin
<s> [webpack.Progress] 92% sealing asset processing HtmlWebpackPlugin
<s> [webpack.Progress] 92% sealing asset processing HtmlWebpackPlugin resolve sources
<s> [webpack.Progress] 92% sealing asset processing HtmlWebpackPlugin
<s> [webpack.Progress] 92% sealing asset processing RealContentHashPlugin
<s> [webpack.Progress] 92% sealing asset processing RealContentHashPlugin
<s> [webpack.Progress] 92% sealing asset processing RealContentHashPlugin main.222e63b9.iframe.bundle.js generate SourceMap
<s> [webpack.Progress] 92% sealing asset processing RealContentHashPlugin main.222e63b9.iframe.bundle.js generated SourceMap
<s> [webpack.Progress] 92% sealing asset processing RealContentHashPlugin runtime~main.37970ad0.iframe.bundle.js generate SourceMap
<s> [webpack.Progress] 92% sealing asset processing RealContentHashPlugin runtime~main.37970ad0.iframe.bundle.js generated SourceMap
<s> [webpack.Progress] 92% sealing asset processing RealContentHashPlugin 913.f588e0ff.iframe.bundle.js generate SourceMap
<s> [webpack.Progress] 92% sealing asset processing RealContentHashPlugin 913.f588e0ff.iframe.bundle.js generated SourceMap
<s> [webpack.Progress] 92% sealing asset processing RealContentHashPlugin 881.a6508d60.iframe.bundle.js generate SourceMap
<s> [webpack.Progress] 92% sealing asset processing RealContentHashPlugin 881.a6508d60.iframe.bundle.js generated SourceMap
<s> [webpack.Progress] 92% sealing asset processing RealContentHashPlugin 459.f30db4aa.iframe.bundle.js generate SourceMap
<s> [webpack.Progress] 92% sealing asset processing RealContentHashPlugin 459.f30db4aa.iframe.bundle.js generated SourceMap
<s> [webpack.Progress] 92% sealing asset processing RealContentHashPlugin 278.5483cf7a.iframe.bundle.js generate SourceMap
<s> [webpack.Progress] 92% sealing asset processing RealContentHashPlugin 278.5483cf7a.iframe.bundle.js generated SourceMap
<s> [webpack.Progress] 92% sealing asset processing RealContentHashPlugin 331.aee4ddcf.iframe.bundle.js generate SourceMap
<s> [webpack.Progress] 92% sealing asset processing RealContentHashPlugin 331.aee4ddcf.iframe.bundle.js generated SourceMap
<s> [webpack.Progress] 92% sealing asset processing RealContentHashPlugin 638.cab814dd.iframe.bundle.js generate SourceMap
<s> [webpack.Progress] 92% sealing asset processing RealContentHashPlugin 638.cab814dd.iframe.bundle.js generated SourceMap
<s> [webpack.Progress] 92% sealing asset processing RealContentHashPlugin resolve sources
<s> [webpack.Progress] 92% sealing asset processing RealContentHashPlugin
<s> [webpack.Progress] 92% sealing asset processing AnyComponentStyleBudgetChecker
<s> [webpack.Progress] 92% sealing asset processing
<s> [webpack.Progress] 93% sealing after asset optimization
<s> [webpack.Progress] 93% sealing after asset optimization
<s> [webpack.Progress] 93% sealing recording
<s> [webpack.Progress] 93% sealing recording
<s> [webpack.Progress] 94% sealing after seal
<s> [webpack.Progress] 94% sealing after seal
<s> [webpack.Progress] 95% emitting emit
<s> [webpack.Progress] 95% emitting emit fork-ts-checker-webpack-plugin
<s> [webpack.Progress] 95% emitting emit
<s> [webpack.Progress] 98% emitting after emit
<s> [webpack.Progress] 98% emitting after emit SizeLimitsPlugin
<s> [webpack.Progress] 98% emitting after emit
<s> [webpack.Progress] 99% done plugins
<s> [webpack.Progress] 99% done plugins CaseSensitivePathsPlugin
<s> [webpack.Progress] 99% done plugins fork-ts-checker-webpack-plugin
<s> [webpack.Progress] 99% done plugins fork-ts-checker-webpack-plugin
<s> [webpack.Progress] 99% done plugins
<s> [webpack.Progress] 99% 

<s> [webpack.Progress] 99% cache store build dependencies
<s> [webpack.Progress] 99% cache store build dependencies
<s> [webpack.Progress] 99% cache begin idle
<s> [webpack.Progress] 99% cache begin idle
<s> [webpack.Progress] 100% 

info => Preview built (53 s)
WARN Module Warning (from ./node_modules/@angular-devkit/build-angular/node_modules/postcss-loader/dist/cjs.js):
WARN Warning
WARN 
WARN (10684:3) postcss-preset-env: start value has mixed support, consider using flex-start instead
WARN System.import() is deprecated and will be removed soon. Use import() instead.
WARN For more info visit https://webpack.js.org/guides/code-splitting/
WARN System.import() is deprecated and will be removed soon. Use import() instead.
WARN For more info visit https://webpack.js.org/guides/code-splitting/
WARN asset size limit: The following asset(s) exceed the recommended size limit (244 KiB).
WARN This can impact web performance.
WARN Assets: 
WARN   main.222e63b9.iframe.bundle.js (864 KiB)
WARN   638.cab814dd.iframe.bundle.js (4.5 MiB)
WARN entrypoint size limit: The following entrypoint(s) combined asset size exceeds the recommended limit (244 KiB). This can impact web performance.
WARN Entrypoints:
WARN   main (5.35 MiB)
WARN       runtime~main.37970ad0.iframe.bundle.js
WARN       638.cab814dd.iframe.bundle.js
WARN       main.222e63b9.iframe.bundle.js
WARN 
<s> [webpack.Progress] 99% cache shutdown
<s> [webpack.Progress] 99% cache shutdown
<s> [webpack.Progress] 100% 

info => Output directory: /var/folders/z4/b591xjxn1zg01g92kxjjtzwh0000gn/T/chromatic--86755-twNRGRSmkn5X
